[INFO] Scanning for projects...
[INFO] 
[INFO] ------------------------< com.example:demo-k8s >------------------------
[INFO] Building demo-k8s 0.0.1-SNAPSHOT
[INFO]   from pom.xml
[INFO] --------------------------------[ jar ]---------------------------------
[INFO] 
[INFO] --- clean:3.3.2:clean (default-clean) @ demo-k8s ---
[INFO] Deleting F:\LCHGER_PROJECT\TP33\demo-k8s\target
[INFO] 
[INFO] --- resources:3.3.1:resources (default-resources) @ demo-k8s ---
[INFO] Copying 1 resource from src\main\resources to target\classes
[INFO] Copying 0 resource from src\main\resources to target\classes
[INFO] 
[INFO] --- compiler:3.11.0:compile (default-compile) @ demo-k8s ---
[INFO] Changes detected - recompiling the module! :source
[INFO] Compiling 3 source files with javac [debug release 17] to target\classes
[INFO] 
[INFO] --- resources:3.3.1:testResources (default-testResources) @ demo-k8s ---
[INFO] skip non existing resourceDirectory F:\LCHGER_PROJECT\TP33\demo-k8s\src\test\resources
[INFO] 
[INFO] --- compiler:3.11.0:testCompile (default-testCompile) @ demo-k8s ---
[INFO] Changes detected - recompiling the module! :dependency
[INFO] Compiling 1 source file with javac [debug release 17] to target\test-classes
[INFO] 
[INFO] --- surefire:3.1.2:test (default-test) @ demo-k8s ---
[INFO] Tests are skipped.
[INFO] 
[INFO] --- jar:3.3.0:jar (default-jar) @ demo-k8s ---
[INFO] Building jar: F:\LCHGER_PROJECT\TP33\demo-k8s\target\demo-k8s-0.0.1-SNAPSHOT.jar
[INFO] 
[INFO] --- spring-boot:3.2.0:repackage (repackage) @ demo-k8s ---
[INFO] ------------------------------------------------------------------------
[INFO] BUILD FAILURE
[INFO] ------------------------------------------------------------------------
[INFO] Total time:  5.048 s
[INFO] Finished at: 2025-12-26T20:22:07+01:00
[INFO] ------------------------------------------------------------------------
[ERROR] Failed to execute goal org.springframework.boot:spring-boot-maven-plugin:3.2.0:repackage (repackage) on project demo-k8s: Execution repackage of goal org.springframework.boot:spring-boot-maven-plugin:3.2.0:repackage failed: Unable to find a single main class from the following candidates [com.example.demok8s.DemoK8sApplication, org.example.demok8s.DemoK8sApplication] -> [Help 1]
[ERROR] 
[ERROR] To see the full stack trace of the errors, re-run Maven with the -e switch.
[ERROR] Re-run Maven using the -X switch to enable full debug logging.
[ERROR] 
[ERROR] For more information about the errors and possible solutions, please read the following articles:
[ERROR] [Help 1] http://cwiki.apache.org/confluence/display/MAVEN/PluginExecutionException
